#
# There is insufficient memory for the Java Runtime Environment to continue.
# Native memory allocation (malloc) failed to allocate 593936 bytes for Chunk::new
# Possible reasons:
#   The system is out of physical RAM or swap space
#   The process is running with CompressedOops enabled, and the Java Heap may be blocking the growth of the native heap
# Possible solutions:
#   Reduce memory load on the system
#   Increase physical memory or swap space
#   Check if swap backing store is full
#   Decrease Java heap size (-Xmx/-Xms)
#   Decrease number of Java threads
#   Decrease Java thread stack sizes (-Xss)
#   Set larger code cache with -XX:ReservedCodeCacheSize=
#   JVM is running with Unscaled Compressed Oops mode in which the Java heap is
#     placed in the first 4GB address space. The Java Heap base address is the
#     maximum limit for the native heap growth. Please use -XX:HeapBaseMinAddress
#     to set the Java Heap base and to place the Java Heap above 4GB virtual address.
# This output file may be truncated or incomplete.
#
#  Out of Memory Error (arena.cpp:189), pid=17200, tid=10572
#
# JRE version: OpenJDK Runtime Environment (17.0.6) (build 17.0.6+0-b2043.56-9586694)
# Java VM: OpenJDK 64-Bit Server VM (17.0.6+0-b2043.56-9586694, mixed mode, tiered, compressed oops, compressed class ptrs, g1 gc, windows-amd64)
# No core dump will be written. Minidumps are not enabled by default on client versions of Windows
#

---------------  S U M M A R Y ------------

Command Line: org.jetbrains.kotlin.cli.jvm.K2JVMCompiler @D:\RickiMorty-master\RickiMorty-master\app\build\20230710_18268750934339970929.compiler.options

Host: Intel(R) Core(TM) i3-7100U CPU @ 2.40GHz, 4 cores, 2G,  Windows 10 , 64 bit Build 19041 (10.0.19041.1023)
Time: Mon Jul 10 11:09:38 2023 E. Africa Standard Time elapsed time: 51.219906 seconds (0d 0h 0m 51s)

---------------  T H R E A D  ---------------

Current thread (0x00000273616b5d90):  JavaThread "C2 CompilerThread0" daemon [_thread_in_native, id=10572, stack(0x000000c8ea700000,0x000000c8ea800000)]


Current CompileTask:
C2:  51222 13908       4       org.jetbrains.kotlin.backend.jvm.mapping.IrTypeMapper::writeGenericType (13 bytes)

Stack: [0x000000c8ea700000,0x000000c8ea800000]
Native frames: (J=compiled Java code, j=interpreted, Vv=VM code, C=native code)
V  [jvm.dll+0x683b4a]
V  [jvm.dll+0x842654]
V  [jvm.dll+0x843dfe]
V  [jvm.dll+0x844463]
V  [jvm.dll+0x249b75]
V  [jvm.dll+0xabcac]
V  [jvm.dll+0xac27c]
V  [jvm.dll+0x2b0eef]
V  [jvm.dll+0x58a207]
V  [jvm.dll+0x2243b2]
V  [jvm.dll+0x22478f]
V  [jvm.dll+0x21e055]
V  [jvm.dll+0x21b51b]
V  [jvm.dll+0x1a4fdd]
V  [jvm.dll+0x22b098]
V  [jvm.dll+0x229159]
V  [jvm.dll+0x7f809c]
V  [jvm.dll+0x7f25fa]
V  [jvm.dll+0x682985]
C  [ucrtbase.dll+0x21bb2]
C  [KERNEL32.DLL+0x17034]
C  [ntdll.dll+0x52651]


---------------  P R O C E S S  ---------------

Threads class SMR info:
_java_thread_list=0x0000027362221750, length=12, elements={
0x000002734b875f00, 0x0000027361673630, 0x00000273616749a0, 0x00000273616aeff0,
0x00000273616afb70, 0x00000273616b3640, 0x00000273616b5000, 0x00000273616b5d90,
0x00000273616b6830, 0x00000273616d4b30, 0x0000027362218890, 0x000002736222c0c0
}

Java Threads: ( => current thread )
  0x000002734b875f00 JavaThread "main" [_thread_in_vm, id=6876, stack(0x000000c8e9a00000,0x000000c8e9b00000)]
  0x0000027361673630 JavaThread "Reference Handler" daemon [_thread_blocked, id=9620, stack(0x000000c8ea100000,0x000000c8ea200000)]
  0x00000273616749a0 JavaThread "Finalizer" daemon [_thread_blocked, id=5844, stack(0x000000c8ea200000,0x000000c8ea300000)]
  0x00000273616aeff0 JavaThread "Signal Dispatcher" daemon [_thread_blocked, id=9780, stack(0x000000c8ea300000,0x000000c8ea400000)]
  0x00000273616afb70 JavaThread "Attach Listener" daemon [_thread_blocked, id=10372, stack(0x000000c8ea400000,0x000000c8ea500000)]
  0x00000273616b3640 JavaThread "Service Thread" daemon [_thread_blocked, id=10772, stack(0x000000c8ea500000,0x000000c8ea600000)]
  0x00000273616b5000 JavaThread "Monitor Deflation Thread" daemon [_thread_blocked, id=8460, stack(0x000000c8ea600000,0x000000c8ea700000)]
=>0x00000273616b5d90 JavaThread "C2 CompilerThread0" daemon [_thread_in_native, id=10572, stack(0x000000c8ea700000,0x000000c8ea800000)]
  0x00000273616b6830 JavaThread "C1 CompilerThread0" daemon [_thread_blocked, id=10152, stack(0x000000c8ea800000,0x000000c8ea900000)]
  0x00000273616d4b30 JavaThread "Sweeper thread" daemon [_thread_blocked, id=5840, stack(0x000000c8ea900000,0x000000c8eaa00000)]
  0x0000027362218890 JavaThread "Notification Thread" daemon [_thread_blocked, id=1148, stack(0x000000c8eaa00000,0x000000c8eab00000)]
  0x000002736222c0c0 JavaThread "Common-Cleaner" daemon [_thread_blocked, id=16776, stack(0x000000c8eac00000,0x000000c8ead00000)]

Other Threads:
  0x000002736165db30 VMThread "VM Thread" [stack: 0x000000c8ea000000,0x000000c8ea100000] [id=14888] _threads_hazard_ptr=0x0000027362221750
  0x000002734b8b3080 WatcherThread [stack: 0x000000c8eab00000,0x000000c8eac00000] [id=9220]
  0x000002734b8a6be0 GCTaskThread "GC Thread#0" [stack: 0x000000c8e9b00000,0x000000c8e9c00000] [id=15928]
  0x0000027362618bd0 GCTaskThread "GC Thread#1" [stack: 0x000000c8ead00000,0x000000c8eae00000] [id=14604]
  0x0000027362439ff0 GCTaskThread "GC Thread#2" [stack: 0x000000c8eae00000,0x000000c8eaf00000] [id=14796]
  0x000002736266d4d0 GCTaskThread "GC Thread#3" [stack: 0x000000c8eaf00000,0x000000c8eb000000] [id=9420]
  0x000002734b8abfe0 ConcurrentGCThread "G1 Main Marker" [stack: 0x000000c8e9c00000,0x000000c8e9d00000] [id=13268]
  0x000002734b8ac9f0 ConcurrentGCThread "G1 Conc#0" [stack: 0x000000c8e9d00000,0x000000c8e9e00000] [id=9272]
  0x000002734b8e7670 ConcurrentGCThread "G1 Refine#0" [stack: 0x000000c8e9e00000,0x000000c8e9f00000] [id=5856]
  0x0000027368bdb9e0 ConcurrentGCThread "G1 Refine#1" [stack: 0x000000c8e9800000,0x000000c8e9900000] [id=3216]
  0x000002734b8e8090 ConcurrentGCThread "G1 Service" [stack: 0x000000c8e9f00000,0x000000c8ea000000] [id=11152]

Threads with active compile tasks:
C2 CompilerThread0    51956 13908       4       org.jetbrains.kotlin.backend.jvm.mapping.IrTypeMapper::writeGenericType (13 bytes)

VM state: synchronizing (normal execution)

VM Mutex/Monitor currently owned by a thread:  ([mutex/lock_event])
[0x00000273498ac1b0] Metaspace_lock - owner thread: 0x000002734b875f00
[0x000002734b871ed0] Threads_lock - owner thread: 0x000002736165db30

Heap address: 0x00000000dda00000, size: 550 MB, Compressed Oops mode: 32-bit

CDS archive(s) not mapped
Compressed class space mapped at: 0x0000000100000000-0x0000000140000000, reserved size: 1073741824
Narrow klass base: 0x0000000000000000, Narrow klass shift: 3, Narrow klass range: 0x140000000

GC Precious Log:
 CPUs: 4 total, 4 available
 Memory: 2199M
 Large Page Support: Disabled
 NUMA Support: Disabled
 Compressed Oops: Enabled (32-bit)
 Heap Region Size: 1M
 Heap Min Capacity: 8M
 Heap Initial Capacity: 36M
 Heap Max Capacity: 550M
 Pre-touch: Disabled
 Parallel Workers: 4
 Concurrent Workers: 1
 Concurrent Refinement Workers: 4
 Periodic GC: Disabled

Heap:
 garbage-first heap   total 202752K, used 89959K [0x00000000dda00000, 0x0000000100000000)
  region size 1024K, 12 young (12288K), 3 survivors (3072K)
 Metaspace       used 90829K, committed 91136K, reserved 1130496K
  class space    used 10156K, committed 10304K, reserved 1048576K

Heap Regions: E=young(eden), S=young(survivor), O=old, HS=humongous(starts), HC=humongous(continues), CS=collection set, F=free, OA=open archive, CA=closed archive, TAMS=top-at-mark-start (previous, next)
|   0|0x00000000dda00000, 0x00000000ddb00000, 0x00000000ddb00000|100%|HS|  |TAMS 0x00000000ddb00000, 0x00000000dda00000| Complete 
|   1|0x00000000ddb00000, 0x00000000ddc00000, 0x00000000ddc00000|100%|HC|  |TAMS 0x00000000ddc00000, 0x00000000ddb00000| Complete 
|   2|0x00000000ddc00000, 0x00000000ddd00000, 0x00000000ddd00000|100%|HC|  |TAMS 0x00000000ddd00000, 0x00000000ddc00000| Complete 
|   3|0x00000000ddd00000, 0x00000000dde00000, 0x00000000dde00000|100%|HC|  |TAMS 0x00000000dde00000, 0x00000000ddd00000| Complete 
|   4|0x00000000dde00000, 0x00000000ddf00000, 0x00000000ddf00000|100%| O|  |TAMS 0x00000000ddf00000, 0x00000000dde00000| Untracked 
|   5|0x00000000ddf00000, 0x00000000de000000, 0x00000000de000000|100%| O|  |TAMS 0x00000000de000000, 0x00000000ddf00000| Untracked 
|   6|0x00000000de000000, 0x00000000de100000, 0x00000000de100000|100%| O|  |TAMS 0x00000000de100000, 0x00000000de000000| Untracked 
|   7|0x00000000de100000, 0x00000000de200000, 0x00000000de200000|100%| O|  |TAMS 0x00000000de200000, 0x00000000de100000| Untracked 
|   8|0x00000000de200000, 0x00000000de300000, 0x00000000de300000|100%| O|  |TAMS 0x00000000de300000, 0x00000000de200000| Untracked 
|   9|0x00000000de300000, 0x00000000de400000, 0x00000000de400000|100%| O|  |TAMS 0x00000000de400000, 0x00000000de300000| Untracked 
|  10|0x00000000de400000, 0x00000000de500000, 0x00000000de500000|100%|HS|  |TAMS 0x00000000de500000, 0x00000000de400000| Complete 
|  11|0x00000000de500000, 0x00000000de600000, 0x00000000de600000|100%|HC|  |TAMS 0x00000000de600000, 0x00000000de500000| Complete 
|  12|0x00000000de600000, 0x00000000de700000, 0x00000000de700000|100%|HC|  |TAMS 0x00000000de700000, 0x00000000de600000| Complete 
|  13|0x00000000de700000, 0x00000000de800000, 0x00000000de800000|100%|HC|  |TAMS 0x00000000de800000, 0x00000000de700000| Complete 
|  14|0x00000000de800000, 0x00000000de900000, 0x00000000de900000|100%| O|  |TAMS 0x00000000de900000, 0x00000000de800000| Untracked 
|  15|0x00000000de900000, 0x00000000dea00000, 0x00000000dea00000|100%| O|  |TAMS 0x00000000dea00000, 0x00000000de900000| Untracked 
|  16|0x00000000dea00000, 0x00000000deb00000, 0x00000000deb00000|100%| O|  |TAMS 0x00000000deb00000, 0x00000000dea00000| Untracked 
|  17|0x00000000deb00000, 0x00000000dec00000, 0x00000000dec00000|100%| O|  |TAMS 0x00000000dec00000, 0x00000000deb00000| Untracked 
|  18|0x00000000dec00000, 0x00000000ded00000, 0x00000000ded00000|100%| O|  |TAMS 0x00000000ded00000, 0x00000000dec00000| Untracked 
|  19|0x00000000ded00000, 0x00000000dee00000, 0x00000000dee00000|100%| O|  |TAMS 0x00000000dee00000, 0x00000000ded00000| Untracked 
|  20|0x00000000dee00000, 0x00000000def00000, 0x00000000def00000|100%| O|  |TAMS 0x00000000def00000, 0x00000000dee00000| Untracked 
|  21|0x00000000def00000, 0x00000000df000000, 0x00000000df000000|100%| O|  |TAMS 0x00000000df000000, 0x00000000def00000| Untracked 
|  22|0x00000000df000000, 0x00000000df100000, 0x00000000df100000|100%| O|  |TAMS 0x00000000df100000, 0x00000000df000000| Untracked 
|  23|0x00000000df100000, 0x00000000df200000, 0x00000000df200000|100%| O|  |TAMS 0x00000000df200000, 0x00000000df100000| Untracked 
|  24|0x00000000df200000, 0x00000000df300000, 0x00000000df300000|100%| O|  |TAMS 0x00000000df300000, 0x00000000df200000| Untracked 
|  25|0x00000000df300000, 0x00000000df400000, 0x00000000df400000|100%| O|  |TAMS 0x00000000df400000, 0x00000000df300000| Untracked 
|  26|0x00000000df400000, 0x00000000df500000, 0x00000000df500000|100%| O|  |TAMS 0x00000000df500000, 0x00000000df400000| Untracked 
|  27|0x00000000df500000, 0x00000000df600000, 0x00000000df600000|100%| O|  |TAMS 0x00000000df600000, 0x00000000df500000| Untracked 
|  28|0x00000000df600000, 0x00000000df700000, 0x00000000df700000|100%| O|  |TAMS 0x00000000df700000, 0x00000000df600000| Untracked 
|  29|0x00000000df700000, 0x00000000df800000, 0x00000000df800000|100%| O|  |TAMS 0x00000000df800000, 0x00000000df700000| Untracked 
|  30|0x00000000df800000, 0x00000000df900000, 0x00000000df900000|100%| O|  |TAMS 0x00000000df800000, 0x00000000df800000| Untracked 
|  31|0x00000000df900000, 0x00000000dfa00000, 0x00000000dfa00000|100%| O|  |TAMS 0x00000000dfa00000, 0x00000000df900000| Untracked 
|  32|0x00000000dfa00000, 0x00000000dfb00000, 0x00000000dfb00000|100%| O|  |TAMS 0x00000000dfb00000, 0x00000000dfa00000| Untracked 
|  33|0x00000000dfb00000, 0x00000000dfc00000, 0x00000000dfc00000|100%|HS|  |TAMS 0x00000000dfc00000, 0x00000000dfb00000| Complete 
|  34|0x00000000dfc00000, 0x00000000dfd00000, 0x00000000dfd00000|100%|HC|  |TAMS 0x00000000dfd00000, 0x00000000dfc00000| Complete 
|  35|0x00000000dfd00000, 0x00000000dfe00000, 0x00000000dfe00000|100%| O|  |TAMS 0x00000000dfe00000, 0x00000000dfd00000| Untracked 
|  36|0x00000000dfe00000, 0x00000000dff00000, 0x00000000dff00000|100%| O|  |TAMS 0x00000000dff00000, 0x00000000dfe00000| Untracked 
|  37|0x00000000dff00000, 0x00000000e0000000, 0x00000000e0000000|100%| O|  |TAMS 0x00000000e0000000, 0x00000000dff00000| Untracked 
|  38|0x00000000e0000000, 0x00000000e0100000, 0x00000000e0100000|100%| O|  |TAMS 0x00000000e0100000, 0x00000000e0000000| Untracked 
|  39|0x00000000e0100000, 0x00000000e0200000, 0x00000000e0200000|100%| O|  |TAMS 0x00000000e0200000, 0x00000000e0100000| Untracked 
|  40|0x00000000e0200000, 0x00000000e0300000, 0x00000000e0300000|100%| O|  |TAMS 0x00000000e0300000, 0x00000000e0200000| Untracked 
|  41|0x00000000e0300000, 0x00000000e0400000, 0x00000000e0400000|100%| O|  |TAMS 0x00000000e0400000, 0x00000000e0300000| Untracked 
|  42|0x00000000e0400000, 0x00000000e0500000, 0x00000000e0500000|100%| O|  |TAMS 0x00000000e0500000, 0x00000000e0400000| Untracked 
|  43|0x00000000e0500000, 0x00000000e0600000, 0x00000000e0600000|100%| O|  |TAMS 0x00000000e0600000, 0x00000000e0500000| Untracked 
|  44|0x00000000e0600000, 0x00000000e0700000, 0x00000000e0700000|100%| O|  |TAMS 0x00000000e0700000, 0x00000000e0600000| Untracked 
|  45|0x00000000e0700000, 0x00000000e0800000, 0x00000000e0800000|100%| O|  |TAMS 0x00000000e0800000, 0x00000000e0700000| Untracked 
|  46|0x00000000e0800000, 0x00000000e0900000, 0x00000000e0900000|100%| O|  |TAMS 0x00000000e0900000, 0x00000000e0800000| Untracked 
|  47|0x00000000e0900000, 0x00000000e0a00000, 0x00000000e0a00000|100%| O|  |TAMS 0x00000000e0a00000, 0x00000000e0900000| Untracked 
|  48|0x00000000e0a00000, 0x00000000e0b00000, 0x00000000e0b00000|100%| O|  |TAMS 0x00000000e0b00000, 0x00000000e0a00000| Untracked 
|  49|0x00000000e0b00000, 0x00000000e0c00000, 0x00000000e0c00000|100%| O|  |TAMS 0x00000000e0c00000, 0x00000000e0b00000| Untracked 
|  50|0x00000000e0c00000, 0x00000000e0d00000, 0x00000000e0d00000|100%| O|  |TAMS 0x00000000e0d00000, 0x00000000e0c00000| Untracked 
|  51|0x00000000e0d00000, 0x00000000e0e00000, 0x00000000e0e00000|100%| O|  |TAMS 0x00000000e0e00000, 0x00000000e0d00000| Untracked 
|  52|0x00000000e0e00000, 0x00000000e0f00000, 0x00000000e0f00000|100%| O|  |TAMS 0x00000000e0f00000, 0x00000000e0e00000| Untracked 
|  53|0x00000000e0f00000, 0x00000000e1000000, 0x00000000e1000000|100%| O|  |TAMS 0x00000000e0f00000, 0x00000000e0f00000| Untracked 
|  54|0x00000000e1000000, 0x00000000e1100000, 0x00000000e1100000|100%| O|  |TAMS 0x00000000e1100000, 0x00000000e1000000| Untracked 
|  55|0x00000000e1100000, 0x00000000e1200000, 0x00000000e1200000|100%| O|  |TAMS 0x00000000e1200000, 0x00000000e1100000| Untracked 
|  56|0x00000000e1200000, 0x00000000e1300000, 0x00000000e1300000|100%| O|  |TAMS 0x00000000e1294200, 0x00000000e1200000| Untracked 
|  57|0x00000000e1300000, 0x00000000e1400000, 0x00000000e1400000|100%| O|  |TAMS 0x00000000e1300000, 0x00000000e1300000| Untracked 
|  58|0x00000000e1400000, 0x00000000e1500000, 0x00000000e1500000|100%| O|  |TAMS 0x00000000e1400000, 0x00000000e1400000| Untracked 
|  59|0x00000000e1500000, 0x00000000e1600000, 0x00000000e1600000|100%| O|  |TAMS 0x00000000e1500000, 0x00000000e1500000| Untracked 
|  60|0x00000000e1600000, 0x00000000e1700000, 0x00000000e1700000|100%| O|  |TAMS 0x00000000e1600000, 0x00000000e1600000| Untracked 
|  61|0x00000000e1700000, 0x00000000e1800000, 0x00000000e1800000|100%| O|  |TAMS 0x00000000e1700000, 0x00000000e1700000| Untracked 
|  62|0x00000000e1800000, 0x00000000e1900000, 0x00000000e1900000|100%| O|  |TAMS 0x00000000e1800000, 0x00000000e1800000| Untracked 
|  63|0x00000000e1900000, 0x00000000e1a00000, 0x00000000e1a00000|100%| O|  |TAMS 0x00000000e1900000, 0x00000000e1900000| Untracked 
|  64|0x00000000e1a00000, 0x00000000e1b00000, 0x00000000e1b00000|100%| O|  |TAMS 0x00000000e1a00000, 0x00000000e1a00000| Untracked 
|  65|0x00000000e1b00000, 0x00000000e1c00000, 0x00000000e1c00000|100%| O|  |TAMS 0x00000000e1b00000, 0x00000000e1b00000| Untracked 
|  66|0x00000000e1c00000, 0x00000000e1d00000, 0x00000000e1d00000|100%| O|  |TAMS 0x00000000e1c00000, 0x00000000e1c00000| Untracked 
|  67|0x00000000e1d00000, 0x00000000e1e00000, 0x00000000e1e00000|100%| O|  |TAMS 0x00000000e1d00000, 0x00000000e1d00000| Untracked 
|  68|0x00000000e1e00000, 0x00000000e1f00000, 0x00000000e1f00000|100%| O|  |TAMS 0x00000000e1e00000, 0x00000000e1e00000| Untracked 
|  69|0x00000000e1f00000, 0x00000000e2000000, 0x00000000e2000000|100%| O|  |TAMS 0x00000000e1f00000, 0x00000000e1f00000| Untracked 
|  70|0x00000000e2000000, 0x00000000e2100000, 0x00000000e2100000|100%| O|  |TAMS 0x00000000e2000000, 0x00000000e2000000| Untracked 
|  71|0x00000000e2100000, 0x00000000e2200000, 0x00000000e2200000|100%| O|  |TAMS 0x00000000e2100000, 0x00000000e2100000| Untracked 
|  72|0x00000000e2200000, 0x00000000e2300000, 0x00000000e2300000|100%| O|  |TAMS 0x00000000e2200000, 0x00000000e2200000| Untracked 
|  73|0x00000000e2300000, 0x00000000e2400000, 0x00000000e2400000|100%| O|  |TAMS 0x00000000e2300000, 0x00000000e2300000| Untracked 
|  74|0x00000000e2400000, 0x00000000e2500000, 0x00000000e2500000|100%| O|  |TAMS 0x00000000e2400000, 0x00000000e2400000| Untracked 
|  75|0x00000000e2500000, 0x00000000e2600000, 0x00000000e2600000|100%| O|  |TAMS 0x00000000e2500000, 0x00000000e2500000| Untracked 
|  76|0x00000000e2600000, 0x00000000e2699000, 0x00000000e2700000| 59%| O|  |TAMS 0x00000000e2600000, 0x00000000e2600000| Untracked 
|  77|0x00000000e2700000, 0x00000000e2700000, 0x00000000e2800000|  0%| F|  |TAMS 0x00000000e2700000, 0x00000000e2700000| Untracked 
|  78|0x00000000e2800000, 0x00000000e2800000, 0x00000000e2900000|  0%| F|  |TAMS 0x00000000e2800000, 0x00000000e2800000| Untracked 
|  79|0x00000000e2900000, 0x00000000e2900000, 0x00000000e2a00000|  0%| F|  |TAMS 0x00000000e2900000, 0x00000000e2900000| Untracked 
|  80|0x00000000e2a00000, 0x00000000e2a00000, 0x00000000e2b00000|  0%| F|  |TAMS 0x00000000e2a00000, 0x00000000e2a00000| Untracked 
|  81|0x00000000e2b00000, 0x00000000e2b00000, 0x00000000e2c00000|  0%| F|  |TAMS 0x00000000e2b00000, 0x00000000e2b00000| Untracked 
|  82|0x00000000e2c00000, 0x00000000e2c00000, 0x00000000e2d00000|  0%| F|  |TAMS 0x00000000e2c00000, 0x00000000e2c00000| Untracked 
|  83|0x00000000e2d00000, 0x00000000e2d00000, 0x00000000e2e00000|  0%| F|  |TAMS 0x00000000e2d00000, 0x00000000e2d00000| Untracked 
|  84|0x00000000e2e00000, 0x00000000e2e00000, 0x00000000e2f00000|  0%| F|  |TAMS 0x00000000e2e00000, 0x00000000e2e00000| Untracked 
|  85|0x00000000e2f00000, 0x00000000e2f00000, 0x00000000e3000000|  0%| F|  |TAMS 0x00000000e2f00000, 0x00000000e2f00000| Untracked 
|  86|0x00000000e3000000, 0x00000000e3000000, 0x00000000e3100000|  0%| F|  |TAMS 0x00000000e3000000, 0x00000000e3000000| Untracked 
|  87|0x00000000e3100000, 0x00000000e3100000, 0x00000000e3200000|  0%| F|  |TAMS 0x00000000e3100000, 0x00000000e3100000| Untracked 
|  88|0x00000000e3200000, 0x00000000e3200000, 0x00000000e3300000|  0%| F|  |TAMS 0x00000000e3200000, 0x00000000e3200000| Untracked 
|  89|0x00000000e3300000, 0x00000000e3300000, 0x00000000e3400000|  0%| F|  |TAMS 0x00000000e3300000, 0x00000000e3300000| Untracked 
|  90|0x00000000e3400000, 0x00000000e3400000, 0x00000000e3500000|  0%| F|  |TAMS 0x00000000e3400000, 0x00000000e3400000| Untracked 
|  91|0x00000000e3500000, 0x00000000e3500000, 0x00000000e3600000|  0%| F|  |TAMS 0x00000000e3500000, 0x00000000e3500000| Untracked 
|  92|0x00000000e3600000, 0x00000000e3600000, 0x00000000e3700000|  0%| F|  |TAMS 0x00000000e3600000, 0x00000000e3600000| Untracked 
|  93|0x00000000e3700000, 0x00000000e3700000, 0x00000000e3800000|  0%| F|  |TAMS 0x00000000e3700000, 0x00000000e3700000| Untracked 
|  94|0x00000000e3800000, 0x00000000e3800000, 0x00000000e3900000|  0%| F|  |TAMS 0x00000000e3800000, 0x00000000e3800000| Untracked 
|  95|0x00000000e3900000, 0x00000000e3900000, 0x00000000e3a00000|  0%| F|  |TAMS 0x00000000e3900000, 0x00000000e3900000| Untracked 
|  96|0x00000000e3a00000, 0x00000000e3a00000, 0x00000000e3b00000|  0%| F|  |TAMS 0x00000000e3a00000, 0x00000000e3a00000| Untracked 
|  97|0x00000000e3b00000, 0x00000000e3b00000, 0x00000000e3c00000|  0%| F|  |TAMS 0x00000000e3b00000, 0x00000000e3b00000| Untracked 
|  98|0x00000000e3c00000, 0x00000000e3c00000, 0x00000000e3d00000|  0%| F|  |TAMS 0x00000000e3c00000, 0x00000000e3c00000| Untracked 
|  99|0x00000000e3d00000, 0x00000000e3d00000, 0x00000000e3e00000|  0%| F|  |TAMS 0x00000000e3d00000, 0x00000000e3d00000| Untracked 
| 100|0x00000000e3e00000, 0x00000000e3e00000, 0x00000000e3f00000|  0%| F|  |TAMS 0x00000000e3e00000, 0x00000000e3e00000| Untracked 
| 101|0x00000000e3f00000, 0x00000000e3f00000, 0x00000000e4000000|  0%| F|  |TAMS 0x00000000e3f00000, 0x00000000e3f00000| Untracked 
| 102|0x00000000e4000000, 0x00000000e4000000, 0x00000000e4100000|  0%| F|  |TAMS 0x00000000e4000000, 0x00000000e4000000| Untracked 
| 103|0x00000000e4100000, 0x00000000e4100000, 0x00000000e4200000|  0%| F|  |TAMS 0x00000000e4100000, 0x00000000e4100000| Untracked 
| 104|0x00000000e4200000, 0x00000000e4200000, 0x00000000e4300000|  0%| F|  |TAMS 0x00000000e4200000, 0x00000000e4200000| Untracked 
| 105|0x00000000e4300000, 0x00000000e4300000, 0x00000000e4400000|  0%| F|  |TAMS 0x00000000e4300000, 0x00000000e4300000| Untracked 
| 106|0x00000000e4400000, 0x00000000e4400000, 0x00000000e4500000|  0%| F|  |TAMS 0x00000000e4400000, 0x00000000e4400000| Untracked 
| 107|0x00000000e4500000, 0x00000000e4500000, 0x00000000e4600000|  0%| F|  |TAMS 0x00000000e4500000, 0x00000000e4500000| Untracked 
| 108|0x00000000e4600000, 0x00000000e4600000, 0x00000000e4700000|  0%| F|  |TAMS 0x00000000e4600000, 0x00000000e4600000| Untracked 
| 109|0x00000000e4700000, 0x00000000e4700000, 0x00000000e4800000|  0%| F|  |TAMS 0x00000000e4700000, 0x00000000e4700000| Untracked 
| 110|0x00000000e4800000, 0x00000000e4800000, 0x00000000e4900000|  0%| F|  |TAMS 0x00000000e4800000, 0x00000000e4800000| Untracked 
| 111|0x00000000e4900000, 0x00000000e4900000, 0x00000000e4a00000|  0%| F|  |TAMS 0x00000000e4900000, 0x00000000e4900000| Untracked 
| 112|0x00000000e4a00000, 0x00000000e4a00000, 0x00000000e4b00000|  0%| F|  |TAMS 0x00000000e4a00000, 0x00000000e4a00000| Untracked 
| 113|0x00000000e4b00000, 0x00000000e4b00000, 0x00000000e4c00000|  0%| F|  |TAMS 0x00000000e4b00000, 0x00000000e4b00000| Untracked 
| 114|0x00000000e4c00000, 0x00000000e4c00000, 0x00000000e4d00000|  0%| F|  |TAMS 0x00000000e4c00000, 0x00000000e4c00000| Untracked 
| 115|0x00000000e4d00000, 0x00000000e4d00000, 0x00000000e4e00000|  0%| F|  |TAMS 0x00000000e4d00000, 0x00000000e4d00000| Untracked 
| 116|0x00000000e4e00000, 0x00000000e4e00000, 0x00000000e4f00000|  0%| F|  |TAMS 0x00000000e4e00000, 0x00000000e4e00000| Untracked 
| 117|0x00000000e4f00000, 0x00000000e4f00000, 0x00000000e5000000|  0%| F|  |TAMS 0x00000000e4f00000, 0x00000000e4f00000| Untracked 
| 118|0x00000000e5000000, 0x00000000e5000000, 0x00000000e5100000|  0%| F|  |TAMS 0x00000000e5000000, 0x00000000e5000000| Untracked 
| 119|0x00000000e5100000, 0x00000000e5100000, 0x00000000e5200000|  0%| F|  |TAMS 0x00000000e5100000, 0x00000000e5100000| Untracked 
| 120|0x00000000e5200000, 0x00000000e5200000, 0x00000000e5300000|  0%| F|  |TAMS 0x00000000e5200000, 0x00000000e5200000| Untracked 
| 121|0x00000000e5300000, 0x00000000e5300000, 0x00000000e5400000|  0%| F|  |TAMS 0x00000000e5300000, 0x00000000e5300000| Untracked 
| 122|0x00000000e5400000, 0x00000000e5400000, 0x00000000e5500000|  0%| F|  |TAMS 0x00000000e5400000, 0x00000000e5400000| Untracked 
| 123|0x00000000e5500000, 0x00000000e5500000, 0x00000000e5600000|  0%| F|  |TAMS 0x00000000e5500000, 0x00000000e5500000| Untracked 
| 124|0x00000000e5600000, 0x00000000e5600000, 0x00000000e5700000|  0%| F|  |TAMS 0x00000000e5600000, 0x00000000e5600000| Untracked 
| 125|0x00000000e5700000, 0x00000000e5700000, 0x00000000e5800000|  0%| F|  |TAMS 0x00000000e5700000, 0x00000000e5700000| Untracked 
| 126|0x00000000e5800000, 0x00000000e5800000, 0x00000000e5900000|  0%| F|  |TAMS 0x00000000e5800000, 0x00000000e5800000| Untracked 
| 127|0x00000000e5900000, 0x00000000e5900000, 0x00000000e5a00000|  0%| F|  |TAMS 0x00000000e5900000, 0x00000000e5900000| Untracked 
| 128|0x00000000e5a00000, 0x00000000e5a00000, 0x00000000e5b00000|  0%| F|  |TAMS 0x00000000e5a00000, 0x00000000e5a00000| Untracked 
| 129|0x00000000e5b00000, 0x00000000e5b00000, 0x00000000e5c00000|  0%| F|  |TAMS 0x00000000e5b00000, 0x00000000e5b00000| Untracked 
| 130|0x00000000e5c00000, 0x00000000e5c00000, 0x00000000e5d00000|  0%| F|  |TAMS 0x00000000e5c00000, 0x00000000e5c00000| Untracked 
| 131|0x00000000e5d00000, 0x00000000e5d00000, 0x00000000e5e00000|  0%| F|  |TAMS 0x00000000e5d00000, 0x00000000e5d00000| Untracked 
| 132|0x00000000e5e00000, 0x00000000e5e00000, 0x00000000e5f00000|  0%| F|  |TAMS 0x00000000e5e00000, 0x00000000e5e00000| Untracked 
| 133|0x00000000e5f00000, 0x00000000e5f00000, 0x00000000e6000000|  0%| F|  |TAMS 0x00000000e5f00000, 0x00000000e5f00000| Untracked 
| 134|0x00000000e6000000, 0x00000000e6000000, 0x00000000e6100000|  0%| F|  |TAMS 0x00000000e6000000, 0x00000000e6000000| Untracked 
| 135|0x00000000e6100000, 0x00000000e6100000, 0x00000000e6200000|  0%| F|  |TAMS 0x00000000e6100000, 0x00000000e6100000| Untracked 
| 136|0x00000000e6200000, 0x00000000e6200000, 0x00000000e6300000|  0%| F|  |TAMS 0x00000000e6200000, 0x00000000e6200000| Untracked 
| 137|0x00000000e6300000, 0x00000000e6300000, 0x00000000e6400000|  0%| F|  |TAMS 0x00000000e6300000, 0x00000000e6300000| Untracked 
| 138|0x00000000e6400000, 0x00000000e6400000, 0x00000000e6500000|  0%| F|  |TAMS 0x00000000e6400000, 0x00000000e6400000| Untracked 
| 139|0x00000000e6500000, 0x00000000e6500000, 0x00000000e6600000|  0%| F|  |TAMS 0x00000000e6500000, 0x00000000e6500000| Untracked 
| 140|0x00000000e6600000, 0x00000000e6600000, 0x00000000e6700000|  0%| F|  |TAMS 0x00000000e6600000, 0x00000000e6600000| Untracked 
| 141|0x00000000e6700000, 0x00000000e6700000, 0x00000000e6800000|  0%| F|  |TAMS 0x00000000e6700000, 0x00000000e6700000| Untracked 
| 142|0x00000000e6800000, 0x00000000e6800000, 0x00000000e6900000|  0%| F|  |TAMS 0x00000000e6800000, 0x00000000e6800000| Untracked 
| 143|0x00000000e6900000, 0x00000000e6900000, 0x00000000e6a00000|  0%| F|  |TAMS 0x00000000e6900000, 0x00000000e6900000| Untracked 
| 144|0x00000000e6a00000, 0x00000000e6a00000, 0x00000000e6b00000|  0%| F|  |TAMS 0x00000000e6a00000, 0x00000000e6a00000| Untracked 
| 145|0x00000000e6b00000, 0x00000000e6b00000, 0x00000000e6c00000|  0%| F|  |TAMS 0x00000000e6b00000, 0x00000000e6b00000| Untracked 
| 146|0x00000000e6c00000, 0x00000000e6c00000, 0x00000000e6d00000|  0%| F|  |TAMS 0x00000000e6c00000, 0x00000000e6c00000| Untracked 
| 147|0x00000000e6d00000, 0x00000000e6d00000, 0x00000000e6e00000|  0%| F|  |TAMS 0x00000000e6d00000, 0x00000000e6d00000| Untracked 
| 148|0x00000000e6e00000, 0x00000000e6e00000, 0x00000000e6f00000|  0%| F|  |TAMS 0x00000000e6e00000, 0x00000000e6e00000| Untracked 
| 149|0x00000000e6f00000, 0x00000000e6f00000, 0x00000000e7000000|  0%| F|  |TAMS 0x00000000e6f00000, 0x00000000e6f00000| Untracked 
| 150|0x00000000e7000000, 0x00000000e7000000, 0x00000000e7100000|  0%| F|  |TAMS 0x00000000e7000000, 0x00000000e7000000| Untracked 
| 151|0x00000000e7100000, 0x00000000e7100000, 0x00000000e7200000|  0%| F|  |TAMS 0x00000000e7100000, 0x00000000e7100000| Untracked 
| 152|0x00000000e7200000, 0x00000000e7200000, 0x00000000e7300000|  0%| F|  |TAMS 0x00000000e7200000, 0x00000000e7200000| Untracked 
| 153|0x00000000e7300000, 0x00000000e7300000, 0x00000000e7400000|  0%| F|  |TAMS 0x00000000e7300000, 0x00000000e7300000| Untracked 
| 154|0x00000000e7400000, 0x00000000e7400000, 0x00000000e7500000|  0%| F|  |TAMS 0x00000000e7400000, 0x00000000e7400000| Untracked 
| 155|0x00000000e7500000, 0x00000000e7500000, 0x00000000e7600000|  0%| F|  |TAMS 0x00000000e7500000, 0x00000000e7500000| Untracked 
| 156|0x00000000e7600000, 0x00000000e7600000, 0x00000000e7700000|  0%| F|  |TAMS 0x00000000e7600000, 0x00000000e7600000| Untracked 
| 157|0x00000000e7700000, 0x00000000e7700000, 0x00000000e7800000|  0%| F|  |TAMS 0x00000000e7700000, 0x00000000e7700000| Untracked 
| 158|0x00000000e7800000, 0x00000000e7800000, 0x00000000e7900000|  0%| F|  |TAMS 0x00000000e7800000, 0x00000000e7800000| Untracked 
| 159|0x00000000e7900000, 0x00000000e7900000, 0x00000000e7a00000|  0%| F|  |TAMS 0x00000000e7900000, 0x00000000e7900000| Untracked 
| 160|0x00000000e7a00000, 0x00000000e7a00000, 0x00000000e7b00000|  0%| F|  |TAMS 0x00000000e7a00000, 0x00000000e7a00000| Untracked 
| 161|0x00000000e7b00000, 0x00000000e7b00000, 0x00000000e7c00000|  0%| F|  |TAMS 0x00000000e7b00000, 0x00000000e7b00000| Untracked 
| 162|0x00000000e7c00000, 0x00000000e7c40fd0, 0x00000000e7d00000| 25%| S|CS|TAMS 0x00000000e7c00000, 0x00000000e7c00000| Complete 
| 163|0x00000000e7d00000, 0x00000000e7e00000, 0x00000000e7e00000|100%| S|CS|TAMS 0x00000000e7d00000, 0x00000000e7d00000| Complete 
| 164|0x00000000e7e00000, 0x00000000e7f00000, 0x00000000e7f00000|100%| S|CS|TAMS 0x00000000e7e00000, 0x00000000e7e00000| Complete 
| 165|0x00000000e7f00000, 0x00000000e7f00000, 0x00000000e8000000|  0%| F|  |TAMS 0x00000000e7f00000, 0x00000000e7f00000| Untracked 
| 166|0x00000000e8000000, 0x00000000e8000000, 0x00000000e8100000|  0%| F|  |TAMS 0x00000000e8000000, 0x00000000e8000000| Untracked 
| 167|0x00000000e8100000, 0x00000000e8100000, 0x00000000e8200000|  0%| F|  |TAMS 0x00000000e8100000, 0x00000000e8100000| Untracked 
| 168|0x00000000e8200000, 0x00000000e8200000, 0x00000000e8300000|  0%| F|  |TAMS 0x00000000e8200000, 0x00000000e8200000| Untracked 
| 169|0x00000000e8300000, 0x00000000e8300000, 0x00000000e8400000|  0%| F|  |TAMS 0x00000000e8300000, 0x00000000e8300000| Untracked 
| 170|0x00000000e8400000, 0x00000000e8400000, 0x00000000e8500000|  0%| F|  |TAMS 0x00000000e8400000, 0x00000000e8400000| Untracked 
| 171|0x00000000e8500000, 0x00000000e8500000, 0x00000000e8600000|  0%| F|  |TAMS 0x00000000e8500000, 0x00000000e8500000| Untracked 
| 172|0x00000000e8600000, 0x00000000e8600000, 0x00000000e8700000|  0%| F|  |TAMS 0x00000000e8600000, 0x00000000e8600000| Untracked 
| 173|0x00000000e8700000, 0x00000000e8700000, 0x00000000e8800000|  0%| F|  |TAMS 0x00000000e8700000, 0x00000000e8700000| Untracked 
| 174|0x00000000e8800000, 0x00000000e8800000, 0x00000000e8900000|  0%| F|  |TAMS 0x00000000e8800000, 0x00000000e8800000| Untracked 
| 175|0x00000000e8900000, 0x00000000e8900000, 0x00000000e8a00000|  0%| F|  |TAMS 0x00000000e8900000, 0x00000000e8900000| Untracked 
| 176|0x00000000e8a00000, 0x00000000e8a00000, 0x00000000e8b00000|  0%| F|  |TAMS 0x00000000e8a00000, 0x00000000e8a00000| Untracked 
| 177|0x00000000e8b00000, 0x00000000e8b00000, 0x00000000e8c00000|  0%| F|  |TAMS 0x00000000e8b00000, 0x00000000e8b00000| Untracked 
| 178|0x00000000e8c00000, 0x00000000e8c00000, 0x00000000e8d00000|  0%| F|  |TAMS 0x00000000e8c00000, 0x00000000e8c00000| Untracked 
| 179|0x00000000e8d00000, 0x00000000e8d00000, 0x00000000e8e00000|  0%| F|  |TAMS 0x00000000e8d00000, 0x00000000e8d00000| Untracked 
| 180|0x00000000e8e00000, 0x00000000e8e00000, 0x00000000e8f00000|  0%| F|  |TAMS 0x00000000e8e00000, 0x00000000e8e00000| Untracked 
| 181|0x00000000e8f00000, 0x00000000e8f00000, 0x00000000e9000000|  0%| F|  |TAMS 0x00000000e8f00000, 0x00000000e8f00000| Untracked 
| 182|0x00000000e9000000, 0x00000000e9000000, 0x00000000e9100000|  0%| F|  |TAMS 0x00000000e9000000, 0x00000000e9000000| Untracked 
| 183|0x00000000e9100000, 0x00000000e9100000, 0x00000000e9200000|  0%| F|  |TAMS 0x00000000e9100000, 0x00000000e9100000| Untracked 
| 184|0x00000000e9200000, 0x00000000e9200000, 0x00000000e9300000|  0%| F|  |TAMS 0x00000000e9200000, 0x00000000e9200000| Untracked 
| 185|0x00000000e9300000, 0x00000000e9300000, 0x00000000e9400000|  0%| F|  |TAMS 0x00000000e9300000, 0x00000000e9300000| Untracked 
| 186|0x00000000e9400000, 0x00000000e9400000, 0x00000000e9500000|  0%| F|  |TAMS 0x00000000e9400000, 0x00000000e9400000| Untracked 
| 187|0x00000000e9500000, 0x00000000e9500000, 0x00000000e9600000|  0%| F|  |TAMS 0x00000000e9500000, 0x00000000e9500000| Untracked 
| 188|0x00000000e9600000, 0x00000000e9700000, 0x00000000e9700000|100%| E|  |TAMS 0x00000000e9600000, 0x00000000e9600000| Complete 
| 189|0x00000000e9700000, 0x00000000e9800000, 0x00000000e9800000|100%| E|CS|TAMS 0x00000000e9700000, 0x00000000e9700000| Complete 
| 190|0x00000000e9800000, 0x00000000e9900000, 0x00000000e9900000|100%| E|CS|TAMS 0x00000000e9800000, 0x00000000e9800000| Complete 
| 191|0x00000000e9900000, 0x00000000e9a00000, 0x00000000e9a00000|100%| E|CS|TAMS 0x00000000e9900000, 0x00000000e9900000| Complete 
| 192|0x00000000e9a00000, 0x00000000e9b00000, 0x00000000e9b00000|100%| E|CS|TAMS 0x00000000e9a00000, 0x00000000e9a00000| Complete 
| 193|0x00000000e9b00000, 0x00000000e9c00000, 0x00000000e9c00000|100%| E|CS|TAMS 0x00000000e9b00000, 0x00000000e9b00000| Complete 
| 194|0x00000000e9c00000, 0x00000000e9d00000, 0x00000000e9d00000|100%| E|CS|TAMS 0x00000000e9c00000, 0x00000000e9c00000| Complete 
| 195|0x00000000e9d00000, 0x00000000e9e00000, 0x00000000e9e00000|100%| E|CS|TAMS 0x00000000e9d00000, 0x00000000e9d00000| Complete 
| 196|0x00000000e9e00000, 0x00000000e9f00000, 0x00000000e9f00000|100%| E|CS|TAMS 0x00000000e9e00000, 0x00000000e9e00000| Complete 
| 549|0x00000000fff00000, 0x0000000100000000, 0x0000000100000000|100%| O|  |TAMS 0x0000000100000000, 0x00000000fff00000| Untracked 

Card table byte_map: [0x000002735dd50000,0x000002735de70000] _byte_map_base: 0x000002735d663000

Marking Bits (Prev, Next): (CMBitMap*) 0x000002734b8a71f0, (CMBitMap*) 0x000002734b8a7230
 Prev Bits: [0x000002735df90000, 0x000002735e828000)
 Next Bits: [0x000002735e830000, 0x000002735f0c8000)

Polling page: 0x0000027349790000

Metaspace:

Usage:
  Non-class:     78.78 MB used.
      Class:      9.92 MB used.
       Both:     88.70 MB used.

Virtual space:
  Non-class space:       80.00 MB reserved,      78.94 MB ( 99%) committed,  10 nodes.
      Class space:        1.00 GB reserved,      10.06 MB ( <1%) committed,  1 nodes.
             Both:        1.08 GB reserved,      89.00 MB (  8%) committed. 

Chunk freelists:
   Non-Class:  816.00 KB
       Class:  1.75 MB
        Both:  2.55 MB

MaxMetaspaceSize: unlimited
CompressedClassSpaceSize: 1.00 GB
Initial GC threshold: 21.00 MB
Current GC threshold: 109.06 MB
CDS: off
MetaspaceReclaimPolicy: balanced
 - commit_granule_bytes: 65536.
 - commit_granule_words: 8192.
 - virtual_space_node_default_size: 1048576.
 - enlarge_chunks_in_place: 1.
 - new_chunks_are_fully_committed: 0.
 - uncommit_free_chunks: 1.
 - use_allocation_guard: 0.
 - handle_deallocations: 1.


Internal statistics:

num_allocs_failed_limit: 3.
num_arena_births: 370.
num_arena_deaths: 0.
num_vsnodes_births: 11.
num_vsnodes_deaths: 0.
num_space_committed: 1422.
num_space_uncommitted: 0.
num_chunks_returned_to_freelist: 3.
num_chunks_taken_from_freelist: 3305.
num_chunk_merges: 3.
num_chunk_splits: 2682.
num_chunks_enlarged: 2363.
num_purges: 0.
num_inconsistent_stats: 0.

CodeHeap 'non-profiled nmethods': size=120000Kb used=5174Kb max_used=5174Kb free=114825Kb
 bounds [0x0000027356820000, 0x0000027356d30000, 0x000002735dd50000]
CodeHeap 'profiled nmethods': size=120000Kb used=35617Kb max_used=35617Kb free=84382Kb
 bounds [0x000002734ed50000, 0x0000027351030000, 0x0000027356280000]
CodeHeap 'non-nmethods': size=5760Kb used=1424Kb max_used=1493Kb free=4335Kb
 bounds [0x0000027356280000, 0x00000273564f0000, 0x0000027356820000]
 total_blobs=12581 nmethods=11823 adapters=665
 compilation: enabled
              stopped_count=0, restarted_count=0
 full_count=0

Compilation events (20 events):
Event: 49.959 Thread 0x00000273616b6830 13944       3       org.jetbrains.kotlin.codegen.inline.MaxStackFrameSizeAndLocalsCalculator$$Lambda$465/0x00000001009fdfc0::invoke (8 bytes)
Event: 49.959 Thread 0x00000273616b6830 nmethod 13944 0x0000027350733e90 code [0x0000027350734040, 0x0000027350734248]
Event: 49.960 Thread 0x00000273616b6830 13947       3       org.jetbrains.org.objectweb.asm.ByteVector::putShort (52 bytes)
Event: 49.960 Thread 0x00000273616b6830 nmethod 13947 0x00000273501c7890 code [0x00000273501c7a40, 0x00000273501c7c48]
Event: 49.960 Thread 0x00000273616b6830 13945       3       org.jetbrains.kotlin.codegen.inline.MaxStackFrameSizeAndLocalsCalculator::lambda$getLabelWrapper$0 (9 bytes)
Event: 49.960 Thread 0x00000273616b6830 nmethod 13945 0x00000273507f1c10 code [0x00000273507f1dc0, 0x00000273507f1f48]
Event: 49.960 Thread 0x00000273616b6830 13946       3       org.jetbrains.kotlin.codegen.inline.MaxStackFrameSizeAndLocalsCalculator$LabelWrapper::<init> (36 bytes)
Event: 49.960 Thread 0x00000273616b6830 nmethod 13946 0x000002734fdd4510 code [0x000002734fdd46e0, 0x000002734fdd4b78]
Event: 49.960 Thread 0x00000273616b6830 13948       1       org.jetbrains.kotlin.ir.declarations.impl.IrFunctionCommonImpl::isExternal (5 bytes)
Event: 49.961 Thread 0x00000273616b6830 nmethod 13948 0x0000027356d2c190 code [0x0000027356d2c320, 0x0000027356d2c3f8]
Event: 49.961 Thread 0x00000273616b6830 13949       3       org.jetbrains.kotlin.load.java.BuiltinSpecialProperties::getSPECIAL_SHORT_NAMES (4 bytes)
Event: 49.961 Thread 0x00000273616b6830 nmethod 13949 0x000002734f7f9790 code [0x000002734f7f9920, 0x000002734f7f9a38]
Event: 49.964 Thread 0x00000273616b6830 13950       3       org.jetbrains.kotlin.codegen.coroutines.UninitializedStoresProcessor::getUninitializedValueForConstructorCall (199 bytes)
Event: 49.967 Thread 0x00000273616b6830 nmethod 13950 0x000002735100a490 code [0x000002735100a880, 0x000002735100c8b8]
Event: 49.967 Thread 0x00000273616b6830 13953       3       org.jetbrains.org.objectweb.asm.Type::getArgumentsAndReturnSizes (140 bytes)
Event: 49.970 Thread 0x00000273616b6830 nmethod 13953 0x000002735100d290 code [0x000002735100d680, 0x000002735100f498]
Event: 49.970 Thread 0x00000273616b6830 13951       3       org.jetbrains.kotlin.codegen.coroutines.UninitializedStoresProcessor::isConstructorCall (28 bytes)
Event: 49.970 Thread 0x00000273616b6830 nmethod 13951 0x0000027350bedd10 code [0x0000027350bedee0, 0x0000027350bee368]
Event: 49.970 Thread 0x00000273616b6830 13952       3       org.jetbrains.org.objectweb.asm.tree.analysis.SmallSet::iterator (16 bytes)
Event: 49.971 Thread 0x00000273616b6830 nmethod 13952 0x00000273508c2390 code [0x00000273508c2540, 0x00000273508c2818]

GC Heap History (20 events):
Event: 14.544 GC heap before
{Heap before GC invocations=31 (full 0):
 garbage-first heap   total 97280K, used 75114K [0x00000000dda00000, 0x0000000100000000)
  region size 1024K, 26 young (26624K), 4 survivors (4096K)
 Metaspace       used 61258K, committed 61568K, reserved 1105920K
  class space    used 7293K, committed 7424K, reserved 1048576K
}
Event: 14.777 GC heap after
{Heap after GC invocations=32 (full 0):
 garbage-first heap   total 97280K, used 55900K [0x00000000dda00000, 0x0000000100000000)
  region size 1024K, 3 young (3072K), 3 survivors (3072K)
 Metaspace       used 61258K, committed 61568K, reserved 1105920K
  class space    used 7293K, committed 7424K, reserved 1048576K
}
Event: 19.248 GC heap before
{Heap before GC invocations=33 (full 0):
 garbage-first heap   total 97280K, used 76380K [0x00000000dda00000, 0x0000000100000000)
  region size 1024K, 23 young (23552K), 3 survivors (3072K)
 Metaspace       used 63606K, committed 63936K, reserved 1105920K
  class space    used 7528K, committed 7680K, reserved 1048576K
}
Event: 19.683 GC heap after
{Heap after GC invocations=34 (full 0):
 garbage-first heap   total 97280K, used 58700K [0x00000000dda00000, 0x0000000100000000)
  region size 1024K, 3 young (3072K), 3 survivors (3072K)
 Metaspace       used 63606K, committed 63936K, reserved 1105920K
  class space    used 7528K, committed 7680K, reserved 1048576K
}
Event: 20.031 GC heap before
{Heap before GC invocations=34 (full 0):
 garbage-first heap   total 97280K, used 59724K [0x00000000dda00000, 0x0000000100000000)
  region size 1024K, 4 young (4096K), 3 survivors (3072K)
 Metaspace       used 63626K, committed 63936K, reserved 1105920K
  class space    used 7530K, committed 7680K, reserved 1048576K
}
Event: 20.173 GC heap after
{Heap after GC invocations=35 (full 0):
 garbage-first heap   total 97280K, used 58451K [0x00000000dda00000, 0x0000000100000000)
  region size 1024K, 1 young (1024K), 1 survivors (1024K)
 Metaspace       used 63626K, committed 63936K, reserved 1105920K
  class space    used 7530K, committed 7680K, reserved 1048576K
}
Event: 24.237 GC heap before
{Heap before GC invocations=35 (full 0):
 garbage-first heap   total 97280K, used 77907K [0x00000000dda00000, 0x0000000100000000)
  region size 1024K, 20 young (20480K), 1 survivors (1024K)
 Metaspace       used 65029K, committed 65344K, reserved 1114112K
  class space    used 7641K, committed 7744K, reserved 1048576K
}
Event: 24.358 GC heap after
{Heap after GC invocations=36 (full 0):
 garbage-first heap   total 97280K, used 61440K [0x00000000dda00000, 0x0000000100000000)
  region size 1024K, 3 young (3072K), 3 survivors (3072K)
 Metaspace       used 65029K, committed 65344K, reserved 1114112K
  class space    used 7641K, committed 7744K, reserved 1048576K
}
Event: 25.914 GC heap before
{Heap before GC invocations=37 (full 0):
 garbage-first heap   total 111616K, used 76800K [0x00000000dda00000, 0x0000000100000000)
  region size 1024K, 19 young (19456K), 3 survivors (3072K)
 Metaspace       used 67336K, committed 67712K, reserved 1114112K
  class space    used 7946K, committed 8128K, reserved 1048576K
}
Event: 25.998 GC heap after
{Heap after GC invocations=38 (full 0):
 garbage-first heap   total 111616K, used 64048K [0x00000000dda00000, 0x0000000100000000)
  region size 1024K, 3 young (3072K), 3 survivors (3072K)
 Metaspace       used 67336K, committed 67712K, reserved 1114112K
  class space    used 7946K, committed 8128K, reserved 1048576K
}
Event: 26.202 GC heap before
{Heap before GC invocations=38 (full 0):
 garbage-first heap   total 111616K, used 66096K [0x00000000dda00000, 0x0000000100000000)
  region size 1024K, 5 young (5120K), 3 survivors (3072K)
 Metaspace       used 67728K, committed 68096K, reserved 1114112K
  class space    used 7994K, committed 8192K, reserved 1048576K
}
Event: 26.291 GC heap after
{Heap after GC invocations=39 (full 0):
 garbage-first heap   total 202752K, used 63959K [0x00000000dda00000, 0x0000000100000000)
  region size 1024K, 1 young (1024K), 1 survivors (1024K)
 Metaspace       used 67728K, committed 68096K, reserved 1114112K
  class space    used 7994K, committed 8192K, reserved 1048576K
}
Event: 31.910 GC heap before
{Heap before GC invocations=39 (full 0):
 garbage-first heap   total 202752K, used 120279K [0x00000000dda00000, 0x0000000100000000)
  region size 1024K, 56 young (57344K), 1 survivors (1024K)
 Metaspace       used 74871K, committed 75200K, reserved 1122304K
  class space    used 8678K, committed 8832K, reserved 1048576K
}
Event: 31.983 GC heap after
{Heap after GC invocations=40 (full 0):
 garbage-first heap   total 202752K, used 69105K [0x00000000dda00000, 0x0000000100000000)
  region size 1024K, 6 young (6144K), 6 survivors (6144K)
 Metaspace       used 74871K, committed 75200K, reserved 1122304K
  class space    used 8678K, committed 8832K, reserved 1048576K
}
Event: 34.724 GC heap before
{Heap before GC invocations=40 (full 0):
 garbage-first heap   total 202752K, used 109041K [0x00000000dda00000, 0x0000000100000000)
  region size 1024K, 45 young (46080K), 6 survivors (6144K)
 Metaspace       used 81164K, committed 81472K, reserved 1122304K
  class space    used 9329K, committed 9472K, reserved 1048576K
}
Event: 34.824 GC heap after
{Heap after GC invocations=41 (full 0):
 garbage-first heap   total 202752K, used 73589K [0x00000000dda00000, 0x0000000100000000)
  region size 1024K, 5 young (5120K), 5 survivors (5120K)
 Metaspace       used 81164K, committed 81472K, reserved 1122304K
  class space    used 9329K, committed 9472K, reserved 1048576K
}
Event: 36.974 GC heap before
{Heap before GC invocations=41 (full 0):
 garbage-first heap   total 202752K, used 113525K [0x00000000dda00000, 0x0000000100000000)
  region size 1024K, 44 young (45056K), 5 survivors (5120K)
 Metaspace       used 85582K, committed 85888K, reserved 1130496K
  class space    used 9750K, committed 9920K, reserved 1048576K
}
Event: 37.073 GC heap after
{Heap after GC invocations=42 (full 0):
 garbage-first heap   total 202752K, used 79517K [0x00000000dda00000, 0x0000000100000000)
  region size 1024K, 6 young (6144K), 6 survivors (6144K)
 Metaspace       used 85582K, committed 85888K, reserved 1130496K
  class space    used 9750K, committed 9920K, reserved 1048576K
}
Event: 45.543 GC heap before
{Heap before GC invocations=42 (full 0):
 garbage-first heap   total 202752K, used 112285K [0x00000000dda00000, 0x0000000100000000)
  region size 1024K, 38 young (38912K), 6 survivors (6144K)
 Metaspace       used 89172K, committed 89536K, reserved 1130496K
  class space    used 10038K, committed 10176K, reserved 1048576K
}
Event: 45.700 GC heap after
{Heap after GC invocations=43 (full 0):
 garbage-first heap   total 202752K, used 81767K [0x00000000dda00000, 0x0000000100000000)
  region size 1024K, 3 young (3072K), 3 survivors (3072K)
 Metaspace       used 89172K, committed 89536K, reserved 1130496K
  class space    used 10038K, committed 10176K, reserved 1048576K
}

Dll operation events (2 events):
Event: 0.033 Loaded shared library C:\Program Files\Android\Android Studio\jbr\bin\java.dll
Event: 1.851 Loaded shared library C:\Program Files\Android\Android Studio\jbr\bin\verify.dll

Deoptimization events (20 events):
Event: 48.758 Thread 0x000002734b875f00 Uncommon trap: trap_request=0xffffff45 fr.pc=0x0000027356bd8a84 relative=0x0000000000000fc4
Event: 48.758 Thread 0x000002734b875f00 Uncommon trap: reason=unstable_if action=reinterpret pc=0x0000027356bd8a84 method=org.jetbrains.kotlin.load.kotlin.JvmDescriptorTypeWriter.writeJvmTypeAsIs(Ljava/lang/Object;)V @ 10 c2
Event: 48.758 Thread 0x000002734b875f00 DEOPT PACKING pc=0x0000027356bd8a84 sp=0x000000c8e9afd400
Event: 48.758 Thread 0x000002734b875f00 DEOPT UNPACKING pc=0x00000273562d69a3 sp=0x000000c8e9afd400 mode 2
Event: 48.784 Thread 0x000002734b875f00 Uncommon trap: trap_request=0xffffffde fr.pc=0x0000027356b6e468 relative=0x00000000000000c8
Event: 48.785 Thread 0x000002734b875f00 Uncommon trap: reason=class_check action=maybe_recompile pc=0x0000027356b6e468 method=org.jetbrains.kotlin.ir.symbols.impl.IrSymbolBase.getDescriptor()Lorg/jetbrains/kotlin/descriptors/DeclarationDescriptor; @ 19 c2
Event: 48.785 Thread 0x000002734b875f00 DEOPT PACKING pc=0x0000027356b6e468 sp=0x000000c8e9afdaf0
Event: 48.785 Thread 0x000002734b875f00 DEOPT UNPACKING pc=0x00000273562d69a3 sp=0x000000c8e9afda90 mode 2
Event: 48.785 Thread 0x000002734b875f00 Uncommon trap: trap_request=0xffffffde fr.pc=0x0000027356b6e468 relative=0x00000000000000c8
Event: 48.785 Thread 0x000002734b875f00 Uncommon trap: reason=class_check action=maybe_recompile pc=0x0000027356b6e468 method=org.jetbrains.kotlin.ir.symbols.impl.IrSymbolBase.getDescriptor()Lorg/jetbrains/kotlin/descriptors/DeclarationDescriptor; @ 19 c2
Event: 48.785 Thread 0x000002734b875f00 DEOPT PACKING pc=0x0000027356b6e468 sp=0x000000c8e9afdf40
Event: 48.785 Thread 0x000002734b875f00 DEOPT UNPACKING pc=0x00000273562d69a3 sp=0x000000c8e9afdee0 mode 2
Event: 49.678 Thread 0x000002734b875f00 Uncommon trap: trap_request=0xffffffde fr.pc=0x0000027356b6e468 relative=0x00000000000000c8
Event: 49.678 Thread 0x000002734b875f00 Uncommon trap: reason=class_check action=maybe_recompile pc=0x0000027356b6e468 method=org.jetbrains.kotlin.ir.symbols.impl.IrSymbolBase.getDescriptor()Lorg/jetbrains/kotlin/descriptors/DeclarationDescriptor; @ 19 c2
Event: 49.678 Thread 0x000002734b875f00 DEOPT PACKING pc=0x0000027356b6e468 sp=0x000000c8e9afdba0
Event: 49.678 Thread 0x000002734b875f00 DEOPT UNPACKING pc=0x00000273562d69a3 sp=0x000000c8e9afdb40 mode 2
Event: 49.678 Thread 0x000002734b875f00 Uncommon trap: trap_request=0xffffffde fr.pc=0x0000027356b6e468 relative=0x00000000000000c8
Event: 49.678 Thread 0x000002734b875f00 Uncommon trap: reason=class_check action=maybe_recompile pc=0x0000027356b6e468 method=org.jetbrains.kotlin.ir.symbols.impl.IrSymbolBase.getDescriptor()Lorg/jetbrains/kotlin/descriptors/DeclarationDescriptor; @ 19 c2
Event: 49.679 Thread 0x000002734b875f00 DEOPT PACKING pc=0x0000027356b6e468 sp=0x000000c8e9afdff0
Event: 49.679 Thread 0x000002734b875f00 DEOPT UNPACKING pc=0x00000273562d69a3 sp=0x000000c8e9afdf90 mode 2

Classes unloaded (0 events):
No events

Classes redefined (0 events):
No events

Internal exceptions (20 events):
Event: 13.774 Thread 0x000002734b875f00 Exception <a 'java/lang/NoSuchMethodError'{0x00000000e2fb1768}: 'int java.lang.invoke.DirectMethodHandle$Holder.invokeInterface(java.lang.Object, java.lang.Object)'> (0x00000000e2fb1768) 
thrown [s\src\hotspot\share\interpreter\linkResolver.cpp, line 771]
Event: 16.737 Thread 0x000002734b875f00 Implicit null exception at 0x000002735692e220 to 0x000002735692e3a4
Event: 16.737 Thread 0x000002734b875f00 Implicit null exception at 0x0000027356882160 to 0x00000273568821fa
Event: 16.839 Thread 0x000002734b875f00 Implicit null exception at 0x000002735683a0f2 to 0x000002735683a70c
Event: 16.893 Thread 0x000002734b875f00 Exception <a 'java/lang/NoSuchMethodError'{0x00000000e326a530}: 'java.lang.Object java.lang.invoke.DirectMethodHandle$Holder.invokeInterface(java.lang.Object, java.lang.Object, java.lang.Object)'> (0x00000000e326a530) 
thrown [s\src\hotspot\share\interpreter\linkResolver.cpp, line 771]
Event: 16.894 Thread 0x000002734b875f00 Exception <a 'java/lang/IncompatibleClassChangeError'{0x00000000e326dea0}: Found class java.lang.Object, but interface was expected> (0x00000000e326dea0) 
thrown [s\src\hotspot\share\interpreter\linkResolver.cpp, line 838]
Event: 16.922 Thread 0x000002734b875f00 Implicit null exception at 0x000002735683c8f2 to 0x000002735683cf0c
Event: 20.381 Thread 0x000002734b875f00 Exception <a 'java/lang/NoSuchMethodError'{0x00000000e352ae18}: 'java.lang.Object java.lang.invoke.DirectMethodHandle$Holder.newInvokeSpecial(java.lang.Object, java.lang.Object, java.lang.Object, java.lang.Object, java.lang.Object, java.lang.Object, java.lang.Object)'> (0x00000000e352ae18) 
thrown [s\src\hotspot\share\interpreter\linkResolver.cpp, line 771]
Event: 20.388 Thread 0x000002734b875f00 Exception <a 'java/lang/NoSuchMethodError'{0x00000000e352f9d0}: 'java.lang.Object java.lang.invoke.Invokers$Holder.linkToTargetMethod(java.lang.Object, java.lang.Object, java.lang.Object, java.lang.Object, java.lang.Object, java.lang.Object, java.lang.Object)'> (0x00000000e352f9d0) 
thrown [s\src\hotspot\share\interpreter\linkResolver.cpp, line 771]
Event: 20.617 Thread 0x000002734b875f00 Exception <a 'java/lang/NoSuchMethodError'{0x00000000e3406c30}: 'void java.lang.invoke.DirectMethodHandle$Holder.invokeStatic(java.lang.Object, java.lang.Object, java.lang.Object)'> (0x00000000e3406c30) 
thrown [s\src\hotspot\share\interpreter\linkResolver.cpp, line 771]
Event: 24.503 Thread 0x000002734b875f00 Exception <a 'java/lang/NoSuchMethodError'{0x00000000e37f39f0}: 'int java.lang.invoke.DirectMethodHandle$Holder.invokeVirtual(java.lang.Object, java.lang.Object, java.lang.Object)'> (0x00000000e37f39f0) 
thrown [s\src\hotspot\share\interpreter\linkResolver.cpp, line 771]
Event: 24.617 Thread 0x000002734b875f00 Exception <a 'java/lang/NoSuchMethodError'{0x00000000e36cb788}: 'void java.lang.invoke.DirectMethodHandle$Holder.invokeSpecial(java.lang.Object, java.lang.Object, int, java.lang.Object)'> (0x00000000e36cb788) 
thrown [s\src\hotspot\share\interpreter\linkResolver.cpp, line 771]
Event: 24.742 Thread 0x000002734b875f00 Exception <a 'java/lang/NoSuchMethodError'{0x00000000e34b2990}: 'void java.lang.invoke.DirectMethodHandle$Holder.invokeInterface(java.lang.Object, java.lang.Object)'> (0x00000000e34b2990) 
thrown [s\src\hotspot\share\interpreter\linkResolver.cpp, line 771]
Event: 24.872 Thread 0x000002734b875f00 Exception <a 'java/lang/IncompatibleClassChangeError'{0x00000000e4564ba0}: Found class java.lang.Object, but interface was expected> (0x00000000e4564ba0) 
thrown [s\src\hotspot\share\interpreter\linkResolver.cpp, line 838]
Event: 28.660 Thread 0x000002734b875f00 Implicit null exception at 0x0000027356baf74f to 0x0000027356baf8dc
Event: 29.976 Thread 0x000002734b875f00 Exception <a 'java/lang/NoSuchMethodError'{0x00000000e8188cb0}: 'java.lang.Object java.lang.invoke.DirectMethodHandle$Holder.invokeStaticInit(java.lang.Object, java.lang.Object, java.lang.Object, java.lang.Object)'> (0x00000000e8188cb0) 
thrown [s\src\hotspot\share\interpreter\linkResolver.cpp, line 771]
Event: 30.793 Thread 0x000002734b875f00 Exception <a 'java/lang/NoSuchMethodError'{0x00000000e734f9b8}: 'java.lang.Object java.lang.invoke.DirectMethodHandle$Holder.newInvokeSpecial(java.lang.Object, java.lang.Object, java.lang.Object, int, int)'> (0x00000000e734f9b8) 
thrown [s\src\hotspot\share\interpreter\linkResolver.cpp, line 771]
Event: 30.794 Thread 0x000002734b875f00 Exception <a 'java/lang/NoSuchMethodError'{0x00000000e73537f8}: 'java.lang.Object java.lang.invoke.DirectMethodHandle$Holder.invokeSpecial(java.lang.Object, java.lang.Object, java.lang.Object, java.lang.Object, int, int)'> (0x00000000e73537f8) 
thrown [s\src\hotspot\share\interpreter\linkResolver.cpp, line 771]
Event: 30.875 Thread 0x000002734b875f00 Exception <a 'java/lang/NoSuchMethodError'{0x00000000e72d1680}: 'java.lang.Object java.lang.invoke.Invokers$Holder.linkToTargetMethod(java.lang.Object, java.lang.Object, int, int, java.lang.Object, java.lang.Object, java.lang.Object, java.lang.Object, java.lang.Object)'> (0x00000000e72d1680) 
thrown [s\src\hotspot\share\interpreter\linkResolver.cpp, line 771]
Event: 32.843 Thread 0x000002734b875f00 Exception <a 'java/lang/NoSuchMethodError'{0x00000000e9877508}: 'java.lang.Object java.lang.invoke.DirectMethodHandle$Holder.invokeStatic(java.lang.Object, int, java.lang.Object)'> (0x00000000e9877508) 
thrown [s\src\hotspot\share\interpreter\linkResolver.cpp, line 771]

VM Operations (20 events):
Event: 43.095 Executing VM operation: HandshakeAllThreads
Event: 43.095 Executing VM operation: HandshakeAllThreads done
Event: 43.124 Executing VM operation: HandshakeAllThreads
Event: 43.124 Executing VM operation: HandshakeAllThreads done
Event: 44.138 Executing VM operation: Cleanup
Event: 44.138 Executing VM operation: Cleanup done
Event: 45.148 Executing VM operation: Cleanup
Event: 45.165 Executing VM operation: Cleanup done
Event: 45.541 Executing VM operation: G1CollectForAllocation
Event: 45.700 Executing VM operation: G1CollectForAllocation done
Event: 46.372 Executing VM operation: HandshakeAllThreads
Event: 46.373 Executing VM operation: HandshakeAllThreads done
Event: 47.164 Executing VM operation: HandshakeAllThreads
Event: 47.167 Executing VM operation: HandshakeAllThreads done
Event: 47.167 Executing VM operation: Cleanup
Event: 47.169 Executing VM operation: Cleanup done
Event: 48.171 Executing VM operation: Cleanup
Event: 48.405 Executing VM operation: Cleanup done
Event: 49.419 Executing VM operation: Cleanup
Event: 49.515 Executing VM operation: Cleanup done

Events (20 events):
Event: 40.656 Thread 0x00000273616d4b30 flushing nmethod 0x0000027350beba90
Event: 40.656 Thread 0x00000273616d4b30 flushing nmethod 0x0000027350bedd10
Event: 40.656 Thread 0x00000273616d4b30 flushing nmethod 0x0000027350beeb90
Event: 40.656 Thread 0x00000273616d4b30 flushing nmethod 0x0000027350bf0890
Event: 40.657 Thread 0x00000273616d4b30 flushing nmethod 0x0000027350bf1b10
Event: 40.657 Thread 0x00000273616d4b30 flushing nmethod 0x0000027350bf3c10
Event: 40.657 Thread 0x00000273616d4b30 flushing nmethod 0x0000027350bf7a10
Event: 40.657 Thread 0x00000273616d4b30 flushing nmethod 0x0000027350bfa510
Event: 40.657 Thread 0x00000273616d4b30 flushing nmethod 0x0000027350bfb110
Event: 40.657 Thread 0x00000273616d4b30 flushing nmethod 0x0000027350bfbb10
Event: 40.657 Thread 0x00000273616d4b30 flushing nmethod 0x0000027350bfc210
Event: 40.657 Thread 0x00000273616d4b30 flushing nmethod 0x0000027350c04190
Event: 40.658 Thread 0x00000273616d4b30 flushing nmethod 0x0000027350c1ad90
Event: 40.658 Thread 0x00000273616d4b30 flushing nmethod 0x0000027350c1d810
Event: 40.658 Thread 0x00000273616d4b30 flushing nmethod 0x0000027350c1f490
Event: 40.660 Thread 0x00000273616d4b30 flushing nmethod 0x0000027350cac690
Event: 44.391 loading class java/util/regex/Pattern$Dollar
Event: 44.398 loading class java/util/regex/Pattern$Dollar done
Event: 44.508 loading class java/util/Vector$Itr
Event: 44.511 loading class java/util/Vector$Itr done


Dynamic libraries:
0x00007ff64a110000 - 0x00007ff64a11a000 	C:\Program Files\Android\Android Studio\jbr\bin\java.exe
0x00007ff898bd0000 - 0x00007ff898dc5000 	C:\Windows\SYSTEM32\ntdll.dll
0x00007ff897650000 - 0x00007ff89770d000 	C:\Windows\System32\KERNEL32.DLL
0x00007ff8965a0000 - 0x00007ff896869000 	C:\Windows\System32\KERNELBASE.dll
0x00007ff896a30000 - 0x00007ff896b30000 	C:\Windows\System32\ucrtbase.dll
0x00007ff884f50000 - 0x00007ff884f6b000 	C:\Program Files\Android\Android Studio\jbr\bin\VCRUNTIME140.dll
0x00007ff884f00000 - 0x00007ff884f17000 	C:\Program Files\Android\Android Studio\jbr\bin\jli.dll
0x00007ff896d70000 - 0x00007ff896f10000 	C:\Windows\System32\USER32.dll
0x00007ff896870000 - 0x00007ff896892000 	C:\Windows\System32\win32u.dll
0x00007ff896d40000 - 0x00007ff896d6a000 	C:\Windows\System32\GDI32.dll
0x00007ff86fde0000 - 0x00007ff87007a000 	C:\Windows\WinSxS\amd64_microsoft.windows.common-controls_6595b64144ccf1df_6.0.19041.1110_none_60b5254171f9507e\COMCTL32.dll
0x00007ff896b30000 - 0x00007ff896c3b000 	C:\Windows\System32\gdi32full.dll
0x00007ff896450000 - 0x00007ff8964ed000 	C:\Windows\System32\msvcp_win.dll
0x00007ff896f10000 - 0x00007ff896fae000 	C:\Windows\System32\msvcrt.dll
0x00007ff897a90000 - 0x00007ff897ac0000 	C:\Windows\System32\IMM32.DLL
0x00007ff885140000 - 0x00007ff88514c000 	C:\Program Files\Android\Android Studio\jbr\bin\vcruntime140_1.dll
0x00007ff844520000 - 0x00007ff8445ad000 	C:\Program Files\Android\Android Studio\jbr\bin\msvcp140.dll
0x00007ff8378f0000 - 0x00007ff83855d000 	C:\Program Files\Android\Android Studio\jbr\bin\server\jvm.dll
0x00007ff897710000 - 0x00007ff8977bc000 	C:\Windows\System32\ADVAPI32.dll
0x00007ff896c40000 - 0x00007ff896cdb000 	C:\Windows\System32\sechost.dll
0x00007ff897940000 - 0x00007ff897a6a000 	C:\Windows\System32\RPCRT4.dll
0x00007ff885030000 - 0x00007ff885039000 	C:\Windows\SYSTEM32\WSOCK32.dll
0x00007ff881ec0000 - 0x00007ff881ee7000 	C:\Windows\SYSTEM32\WINMM.dll
0x00007ff88fb60000 - 0x00007ff88fb6a000 	C:\Windows\SYSTEM32\VERSION.dll
0x00007ff8977c0000 - 0x00007ff89782b000 	C:\Windows\System32\WS2_32.dll
0x00007ff894bd0000 - 0x00007ff894be2000 	C:\Windows\SYSTEM32\kernel.appcore.dll
0x00007ff884fb0000 - 0x00007ff884fba000 	C:\Program Files\Android\Android Studio\jbr\bin\jimage.dll
0x00007ff894130000 - 0x00007ff894314000 	C:\Windows\SYSTEM32\DBGHELP.DLL
0x00007ff883b30000 - 0x00007ff883b5c000 	C:\Windows\SYSTEM32\dbgcore.DLL
0x00007ff8963c0000 - 0x00007ff896443000 	C:\Windows\System32\bcryptPrimitives.dll
0x00007ff86d420000 - 0x00007ff86d445000 	C:\Program Files\Android\Android Studio\jbr\bin\java.dll
0x00007ff86d400000 - 0x00007ff86d418000 	C:\Program Files\Android\Android Studio\jbr\bin\zip.dll
0x00007ff897c60000 - 0x00007ff89839f000 	C:\Windows\System32\SHELL32.dll
0x00007ff894420000 - 0x00007ff894bb1000 	C:\Windows\SYSTEM32\windows.storage.dll
0x00007ff898680000 - 0x00007ff8989d5000 	C:\Windows\System32\combase.dll
0x00007ff895d10000 - 0x00007ff895d3c000 	C:\Windows\SYSTEM32\Wldp.dll
0x00007ff897bb0000 - 0x00007ff897c5e000 	C:\Windows\System32\SHCORE.dll
0x00007ff897160000 - 0x00007ff8971b5000 	C:\Windows\System32\shlwapi.dll
0x00007ff896250000 - 0x00007ff89626f000 	C:\Windows\SYSTEM32\profapi.dll
0x00007ff86d3e0000 - 0x00007ff86d3f9000 	C:\Program Files\Android\Android Studio\jbr\bin\net.dll
0x00007ff886660000 - 0x00007ff88676a000 	C:\Windows\SYSTEM32\WINHTTP.dll
0x00007ff895a10000 - 0x00007ff895a7a000 	C:\Windows\system32\mswsock.dll
0x00007ff86d3c0000 - 0x00007ff86d3d6000 	C:\Program Files\Android\Android Studio\jbr\bin\nio.dll
0x00007ff8819a0000 - 0x00007ff8819b0000 	C:\Program Files\Android\Android Studio\jbr\bin\verify.dll

dbghelp: loaded successfully - version: 4.0.5 - missing functions: none
symbol engine: initialized successfully - sym options: 0x614 - pdb path: .;C:\Program Files\Android\Android Studio\jbr\bin;C:\Windows\SYSTEM32;C:\Windows\WinSxS\amd64_microsoft.windows.common-controls_6595b64144ccf1df_6.0.19041.1110_none_60b5254171f9507e;C:\Program Files\Android\Android Studio\jbr\bin\server

VM Arguments:
java_command: org.jetbrains.kotlin.cli.jvm.K2JVMCompiler @D:\RickiMorty-master\RickiMorty-master\app\build\20230710_18268750934339970929.compiler.options
java_class_path (initial): C:\Users\Admin\.gradle\caches\modules-2\files-2.1\org.jetbrains.kotlin\kotlin-compiler-embeddable\1.8.22\e2cf111da088dc807a74157741b4cd4b664edfb7\kotlin-compiler-embeddable-1.8.22.jar;C:\Users\Admin\.gradle\caches\modules-2\files-2.1\org.jetbrains.kotlin\kotlin-stdlib\1.8.22\636bf8b320e7627482771bbac9ed7246773c02bd\kotlin-stdlib-1.8.22.jar;C:\Users\Admin\.gradle\caches\modules-2\files-2.1\org.jetbrains.kotlin\kotlin-script-runtime\1.8.22\ce5ff1f309623f8c1be5143bdba032c4a04cec3a\kotlin-script-runtime-1.8.22.jar;C:\Users\Admin\.gradle\caches\modules-2\files-2.1\org.jetbrains.kotlin\kotlin-reflect\1.6.10\1cbe9c92c12a94eea200d23c2bbaedaf3daf5132\kotlin-reflect-1.6.10.jar;C:\Users\Admin\.gradle\caches\modules-2\files-2.1\org.jetbrains.kotlin\kotlin-daemon-embeddable\1.8.22\7d9f7e06a59d2fcbc9b373400c146f42fd722e81\kotlin-daemon-embeddable-1.8.22.jar;C:\Users\Admin\.gradle\caches\modules-2\files-2.1\org.jetbrains.intellij.deps\trove4j\1.0.20200330\3afb14d5f9ceb459d724e907a21145e8ff394f02\trove4j-1.0.20200330.jar;C:\Users\Admin\.gradle\caches\modules-2\files-2.1\net.java.dev.jna\jna\5.6.0\330f2244e9030119ab3030fc3fededc86713d9cc\jna-5.6.0.jar;C:\Users\Admin\.gradle\caches\modules-2\files-2.1\org.jetbrains.kotlin\kotlin-stdlib-common\1.8.22\1a8e3601703ae14bb58757ea6b2d8e8e5935a586\kotlin-stdlib-common-1.8.22.jar;C:\Users\Admin\.gradle\caches\modules-2\files-2.1\org.jetbrains\annotations\13.0\919f0dfe192fb4e063e7dacadee7f8bb9a2672a9\annotations-13.0.jar
Launcher Type: SUN_STANDARD

[Global flags]
     intx CICompilerCount                          = 3                                         {product} {ergonomic}
     uint ConcGCThreads                            = 1                                         {product} {ergonomic}
     uint G1ConcRefinementThreads                  = 4                                         {product} {ergonomic}
   size_t G1HeapRegionSize                         = 1048576                                   {product} {ergonomic}
    uintx GCDrainStackTargetSize                   = 64                                        {product} {ergonomic}
   size_t InitialHeapSize                          = 37748736                                  {product} {ergonomic}
   size_t MarkStackSize                            = 4194304                                   {product} {ergonomic}
   size_t MaxHeapSize                              = 576716800                                 {product} {ergonomic}
   size_t MaxNewSize                               = 346030080                                 {product} {ergonomic}
   size_t MinHeapDeltaBytes                        = 1048576                                   {product} {ergonomic}
   size_t MinHeapSize                              = 8388608                                   {product} {ergonomic}
    uintx NonNMethodCodeHeapSize                   = 5832780                                {pd product} {ergonomic}
    uintx NonProfiledCodeHeapSize                  = 122912730                              {pd product} {ergonomic}
    uintx ProfiledCodeHeapSize                     = 122912730                              {pd product} {ergonomic}
    uintx ReservedCodeCacheSize                    = 251658240                              {pd product} {ergonomic}
     bool SegmentedCodeCache                       = true                                      {product} {ergonomic}
   size_t SoftMaxHeapSize                          = 576716800                              {manageable} {ergonomic}
     bool UseCompressedClassPointers               = true                           {product lp64_product} {ergonomic}
     bool UseCompressedOops                        = true                           {product lp64_product} {ergonomic}
     bool UseG1GC                                  = true                                      {product} {ergonomic}
     bool UseLargePagesIndividualAllocation        = false                                  {pd product} {ergonomic}

Logging:
Log output configuration:
 #0: stdout all=warning uptime,level,tags
 #1: stderr all=off uptime,level,tags

Environment Variables:
PATH=C:\Windows\system32;C:\Windows;C:\Windows\System32\Wbem;C:\Windows\System32\WindowsPowerShell\v1.0\;C:\Windows\System32\OpenSSH\;C:\Program Files\Git\cmd;C:\Users\Admin\AppData\Local\Microsoft\WindowsApps;
USERNAME=Admin
OS=Windows_NT
PROCESSOR_IDENTIFIER=Intel64 Family 6 Model 142 Stepping 9, GenuineIntel
TMP=C:\Users\Admin\AppData\Local\Temp
TEMP=C:\Users\Admin\AppData\Local\Temp



---------------  S Y S T E M  ---------------

OS:
 Windows 10 , 64 bit Build 19041 (10.0.19041.1023)
OS uptime: 1 days 0:54 hours

CPU: total 4 (initial active 4) (2 cores per cpu, 2 threads per core) family 6 model 142 stepping 9 microcode 0xb4, cx8, cmov, fxsr, ht, mmx, 3dnowpref, sse, sse2, sse3, ssse3, sse4.1, sse4.2, popcnt, lzcnt, tsc, tscinvbit, avx, avx2, aes, erms, clmul, bmi1, bmi2, adx, fma, vzeroupper, clflush, clflushopt

Memory: 4k page, system-wide physical 2199M (178M free)
TotalPageFile size 8855M (AvailPageFile size 3M)
current process WorkingSet (physical memory assigned to process): 129M, peak: 211M
current process commit charge ("private bytes"): 451M, peak: 455M

vm_info: OpenJDK 64-Bit Server VM (17.0.6+0-b2043.56-9586694) for windows-amd64 JRE (17.0.6+0-b2043.56-9586694), built on Feb  9 2023 20:06:20 by "androidbuild" with MS VC++ 16.10 / 16.11 (VS2019)

END.
